<?xml version="1.0" encoding="UTF-8"?>
<!-- Generated by org.testng.reporters.JUnitReportReporter -->
<testsuite hostname="Main" name="TestNGpack.Class1" tests="2" failures="0" timestamp="16 Mar 2018 04:15:24 GMT" time="0.007" errors="0">
  <testcase name="tc2" time="0.001" classname="TestNGpack.Class1"/>
  <testcase name="tc1" time="0.006" classname="TestNGpack.Class1"/>
</testsuite> <!-- TestNGpack.Class1 -->
