<?xml version="1.0" encoding="UTF-8"?>
<!-- Generated by org.testng.reporters.JUnitReportReporter -->
<testsuite hostname="tm-11" name="WebDriverEX.TestNGEx" tests="1" failures="0" timestamp="29 Jan 2016 02:43:50 GMT" time="0.013" errors="0">
  <testcase name="Guest2" time="0.013" classname="WebDriverEX.TestNGEx"/>
</testsuite> <!-- WebDriverEX.TestNGEx -->
