<?xml version="1.0" encoding="UTF-8"?>
<!-- Generated by org.testng.reporters.JUnitReportReporter -->
<testsuite hostname="Main" name="TestNGPack2.Class2" tests="2" failures="0" timestamp="16 Mar 2018 04:15:24 GMT" time="0.005" errors="0">
  <testcase name="TC5" time="0.003" classname="TestNGPack2.Class2"/>
  <testcase name="TC4" time="0.002" classname="TestNGPack2.Class2"/>
</testsuite> <!-- TestNGPack2.Class2 -->
