<?xml version="1.0" encoding="UTF-8"?>
<!-- Generated by org.testng.reporters.JUnitReportReporter -->
<testsuite hostname="Main" name="TestNGPack2.Class1" tests="1" failures="0" timestamp="16 Mar 2018 04:15:24 GMT" time="7.258" errors="0">
  <testcase name="TC1" time="7.258" classname="TestNGPack2.Class1"/>
</testsuite> <!-- TestNGPack2.Class1 -->
