<?xml version="1.0" encoding="UTF-8"?>
<!-- Generated by org.testng.reporters.JUnitReportReporter -->
<testsuite hostname="Main" name="TestNGpack.Class2" tests="1" failures="0" timestamp="16 Mar 2018 04:15:24 GMT" time="0.001" errors="0">
  <testcase name="tc3" time="0.001" classname="TestNGpack.Class2"/>
</testsuite> <!-- TestNGpack.Class2 -->
