<?xml version="1.0" encoding="UTF-8"?>
<!-- Generated by org.testng.reporters.JUnitReportReporter -->
<testsuite hostname="tm-11" name="WebDriverEX.TestNGEx2" tests="2" failures="0" timestamp="30 Jan 2016 03:26:23 GMT" time="0.000" errors="0">
  <testcase name="Test2" time="0.000" classname="WebDriverEX.TestNGEx2"/>
  <testcase name="Test1" time="0.000" classname="WebDriverEX.TestNGEx2"/>
</testsuite> <!-- WebDriverEX.TestNGEx2 -->
