<?xml version="1.0" encoding="UTF-8"?>
<!-- Generated by org.testng.reporters.JUnitReportReporter -->
<testsuite hostname="tm-11" name="WebDriverEX.SwitchTabs" tests="1" failures="0" timestamp="21 Feb 2016 03:30:13 GMT" time="11.764" errors="0">
  <testcase name="openTab" time="11.764" classname="WebDriverEX.SwitchTabs"/>
</testsuite> <!-- WebDriverEX.SwitchTabs -->
